<?xml version="1.0" encoding="UTF-8"?>
<testsuite xmlns:xsi="http://www.w3.org/2001/XMLSchema-instance" xsi:noNamespaceSchemaLocation="https://maven.apache.org/surefire/maven-surefire-plugin/xsd/surefire-test-report-3.0.xsd" version="3.0" name="ru.lesson.lessons.CalculatorTest" time="0" tests="6" errors="0" skipped="0" failures="0">
  <properties>
    <property name="sun.desktop" value="windows"/>
    <property name="awt.toolkit" value="sun.awt.windows.WToolkit"/>
    <property name="java.specification.version" value="12"/>
    <property name="sun.cpu.isalist" value="amd64"/>
    <property name="sun.jnu.encoding" value="Cp1251"/>
    <property name="java.class.path" value="C:\JAVA\java-courses19\target\test-classes;C:\JAVA\java-courses19\target\classes;C:\Users\Rihn Kornak\.m2\repository\org\junit\jupiter\junit-jupiter\5.6.0-M1\junit-jupiter-5.6.0-M1.jar;C:\Users\Rihn Kornak\.m2\repository\org\junit\jupiter\junit-jupiter-api\5.6.0-M1\junit-jupiter-api-5.6.0-M1.jar;C:\Users\Rihn Kornak\.m2\repository\org\apiguardian\apiguardian-api\1.1.0\apiguardian-api-1.1.0.jar;C:\Users\Rihn Kornak\.m2\repository\org\opentest4j\opentest4j\1.2.0\opentest4j-1.2.0.jar;C:\Users\Rihn Kornak\.m2\repository\org\junit\platform\junit-platform-commons\1.6.0-M1\junit-platform-commons-1.6.0-M1.jar;C:\Users\Rihn Kornak\.m2\repository\org\junit\jupiter\junit-jupiter-params\5.6.0-M1\junit-jupiter-params-5.6.0-M1.jar;C:\Users\Rihn Kornak\.m2\repository\org\junit\jupiter\junit-jupiter-engine\5.6.0-M1\junit-jupiter-engine-5.6.0-M1.jar;C:\Users\Rihn Kornak\.m2\repository\org\junit\platform\junit-platform-engine\1.6.0-M1\junit-platform-engine-1.6.0-M1.jar;C:\Users\Rihn Kornak\.m2\repository\junit\junit\4.12\junit-4.12.jar;C:\Users\Rihn Kornak\.m2\repository\org\hamcrest\hamcrest-core\1.3\hamcrest-core-1.3.jar;"/>
    <property name="java.vm.vendor" value="BellSoft"/>
    <property name="sun.arch.data.model" value="64"/>
    <property name="user.variant" value=""/>
    <property name="java.vendor.url" value="http://bell-sw.com/"/>
    <property name="user.timezone" value="Europe/Moscow"/>
    <property name="os.name" value="Windows 10"/>
    <property name="java.vm.specification.version" value="12"/>
    <property name="sun.java.launcher" value="SUN_STANDARD"/>
    <property name="user.country" value="RU"/>
    <property name="sun.boot.library.path" value="C:\Program Files\java\LibericaJDK-12\bin"/>
    <property name="sun.java.command" value="C:\Users\Rihn Kornak\AppData\Local\Temp\surefire9349067072528557472\surefirebooter15807530844761388002.jar C:\Users\Rihn Kornak\AppData\Local\Temp\surefire9349067072528557472 2019-12-05T15-01-32_566-jvmRun1 surefire9144829289253434549tmp surefire_0528746383029575447tmp"/>
    <property name="jdk.debug" value="release"/>
    <property name="surefire.test.class.path" value="C:\JAVA\java-courses19\target\test-classes;C:\JAVA\java-courses19\target\classes;C:\Users\Rihn Kornak\.m2\repository\org\junit\jupiter\junit-jupiter\5.6.0-M1\junit-jupiter-5.6.0-M1.jar;C:\Users\Rihn Kornak\.m2\repository\org\junit\jupiter\junit-jupiter-api\5.6.0-M1\junit-jupiter-api-5.6.0-M1.jar;C:\Users\Rihn Kornak\.m2\repository\org\apiguardian\apiguardian-api\1.1.0\apiguardian-api-1.1.0.jar;C:\Users\Rihn Kornak\.m2\repository\org\opentest4j\opentest4j\1.2.0\opentest4j-1.2.0.jar;C:\Users\Rihn Kornak\.m2\repository\org\junit\platform\junit-platform-commons\1.6.0-M1\junit-platform-commons-1.6.0-M1.jar;C:\Users\Rihn Kornak\.m2\repository\org\junit\jupiter\junit-jupiter-params\5.6.0-M1\junit-jupiter-params-5.6.0-M1.jar;C:\Users\Rihn Kornak\.m2\repository\org\junit\jupiter\junit-jupiter-engine\5.6.0-M1\junit-jupiter-engine-5.6.0-M1.jar;C:\Users\Rihn Kornak\.m2\repository\org\junit\platform\junit-platform-engine\1.6.0-M1\junit-platform-engine-1.6.0-M1.jar;C:\Users\Rihn Kornak\.m2\repository\junit\junit\4.12\junit-4.12.jar;C:\Users\Rihn Kornak\.m2\repository\org\hamcrest\hamcrest-core\1.3\hamcrest-core-1.3.jar;"/>
    <property name="sun.cpu.endian" value="little"/>
    <property name="user.home" value="C:\Users\Rihn Kornak"/>
    <property name="user.language" value="ru"/>
    <property name="java.specification.vendor" value="Oracle Corporation"/>
    <property name="java.version.date" value="2019-07-16"/>
    <property name="java.home" value="C:\Program Files\java\LibericaJDK-12"/>
    <property name="file.separator" value="\"/>
    <property name="basedir" value="C:\JAVA\java-courses19"/>
    <property name="java.vm.compressedOopsMode" value="Zero based"/>
    <property name="line.separator" value="&#10;"/>
    <property name="java.vm.specification.vendor" value="Oracle Corporation"/>
    <property name="java.specification.name" value="Java Platform API Specification"/>
    <property name="java.awt.graphicsenv" value="sun.awt.Win32GraphicsEnvironment"/>
    <property name="surefire.real.class.path" value="C:\Users\Rihn Kornak\AppData\Local\Temp\surefire9349067072528557472\surefirebooter15807530844761388002.jar"/>
    <property name="user.script" value=""/>
    <property name="sun.management.compiler" value="HotSpot 64-Bit Tiered Compilers"/>
    <property name="java.runtime.version" value="12.0.2-BellSoft+10"/>
    <property name="user.name" value="Rihn Kornak"/>
    <property name="path.separator" value=";"/>
    <property name="os.version" value="10.0"/>
    <property name="java.runtime.name" value="OpenJDK Runtime Environment"/>
    <property name="file.encoding" value="Cp1251"/>
    <property name="java.vm.name" value="OpenJDK 64-Bit Server VM"/>
    <property name="localRepository" value="C:\Users\Rihn Kornak\.m2\repository"/>
    <property name="java.vendor.url.bug" value="https://bugs.openjdk.java.net"/>
    <property name="java.io.tmpdir" value="C:\Users\RIHNKO~1\AppData\Local\Temp\"/>
    <property name="java.version" value="12.0.2-BellSoft"/>
    <property name="user.dir" value="C:\JAVA\java-courses19"/>
    <property name="os.arch" value="amd64"/>
    <property name="java.vm.specification.name" value="Java Virtual Machine Specification"/>
    <property name="sun.os.patch.level" value=""/>
    <property name="idea.version2019.2" value="true"/>
    <property name="java.library.path" value="C:\Program Files\java\LibericaJDK-12\bin;C:\WINDOWS\Sun\Java\bin;C:\WINDOWS\system32;C:\WINDOWS;C:\Program Files\JetBrains\IntelliJ IDEA 2019.2\jbr\\bin;C:\Program Files\JetBrains\IntelliJ IDEA 2019.2\jbr\\bin\server;C:\Program Files\java\LibericaJDK-12\\bin;C:\Windows\system32;C:\Windows;C:\Windows\System32\Wbem;C:\Windows\System32\WindowsPowerShell\v1.0\;C:\Windows\System32\OpenSSH\;C:\Program Files (x86)\NVIDIA Corporation\PhysX\Common;C:\WINDOWS\system32;C:\WINDOWS;C:\WINDOWS\System32\Wbem;C:\WINDOWS\System32\WindowsPowerShell\v1.0\;C:\WINDOWS\System32\OpenSSH\;C:\Program Files (x86)\QuickTime\QTSystem\;C:\Program Files (x86)\Calibre2\;C:\Tools\apache-maven-3.6.3\bin;C:\Users\Rihn Kornak\AppData\Local\GitHubDesktop\app-2.2.2\resources\app\git\cmd;C: \ Users \ yourUserName \ AppData \ Local \ GitHubDesktop \ bin \ github.exe;C:\Users\Rihn Kornak\AppData\Local\Microsoft\WindowsApps;C:\Program Files\JetBrains\IntelliJ IDEA 2019.2\bin;C:\Program Files\java\LibericaJDK-12\\bin;C:\Tools\apache-maven-3.6.3\bin;C:\Users\Rihn Kornak\AppData\Local\GitHubDesktop\bin;C:\Users\Rihn Kornak\AppData\Local\GitHubDesktop\app-2.2.2\resources\app\git\cmd;C: \ Users \ yourUserName \ AppData \ Local \ GitHubDesktop \ bin \ github.exe;;."/>
    <property name="java.vm.info" value="mixed mode, sharing"/>
    <property name="java.vendor" value="BellSoft"/>
    <property name="java.vm.version" value="12.0.2-BellSoft+10"/>
    <property name="sun.io.unicode.encoding" value="UnicodeLittle"/>
    <property name="java.class.version" value="56.0"/>
  </properties>
  <testcase name="subtract" classname="ru.lesson.lessons.CalculatorTest" time="0"/>
  <testcase name="cleanResult" classname="ru.lesson.lessons.CalculatorTest" time="0"/>
  <testcase name="summ" classname="ru.lesson.lessons.CalculatorTest" time="0"/>
  <testcase name="division" classname="ru.lesson.lessons.CalculatorTest" time="0"/>
  <testcase name="multiplication" classname="ru.lesson.lessons.CalculatorTest" time="0"/>
  <testcase name="getResult" classname="ru.lesson.lessons.CalculatorTest" time="0"/>
</testsuite>